[0504/141904.449:ERROR:process_reader_win.cc(142)] SuspendThread: Acesso negado. (0x5)
[0504/141904.454:ERROR:process_reader_win.cc(142)] SuspendThread: Acesso negado. (0x5)
[0504/141904.454:ERROR:process_reader_win.cc(114)] NtOpenThread: {Acesso Negado} Um processo solicitou acesso a um objeto, mas o direito de acesso não lhe foi concedido.  (0xc0000022)
[0504/141904.457:ERROR:exception_snapshot_win.cc(87)] thread ID 4448 not found in process
[0504/141904.457:WARNING:crash_report_exception_handler.cc(60)] ProcessSnapshotWin::Initialize failed
[0504/143922.441:ERROR:process_reader_win.cc(142)] SuspendThread: Acesso negado. (0x5)
[0504/143922.444:ERROR:process_reader_win.cc(142)] SuspendThread: Acesso negado. (0x5)
[0504/143922.444:ERROR:process_reader_win.cc(142)] SuspendThread: Acesso negado. (0x5)
[0504/143922.444:ERROR:process_reader_win.cc(142)] SuspendThread: Acesso negado. (0x5)
[0504/143922.444:ERROR:process_reader_win.cc(114)] NtOpenThread: {Acesso Negado} Um processo solicitou acesso a um objeto, mas o direito de acesso não lhe foi concedido.  (0xc0000022)
[0504/143922.445:ERROR:exception_snapshot_win.cc(87)] thread ID 10676 not found in process
[0504/143922.446:WARNING:crash_report_exception_handler.cc(60)] ProcessSnapshotWin::Initialize failed
[0508/104218.742:ERROR:process_reader_win.cc(142)] SuspendThread: Acesso negado. (0x5)
[0508/104218.746:ERROR:process_reader_win.cc(142)] SuspendThread: Acesso negado. (0x5)
[0508/104218.746:ERROR:process_reader_win.cc(114)] NtOpenThread: {Acesso Negado} Um processo solicitou acesso a um objeto, mas o direito de acesso não lhe foi concedido.  (0xc0000022)
[0508/104218.747:ERROR:exception_snapshot_win.cc(87)] thread ID 9776 not found in process
[0508/104218.747:WARNING:crash_report_exception_handler.cc(60)] ProcessSnapshotWin::Initialize failed
[0508/112109.205:ERROR:process_reader_win.cc(142)] SuspendThread: Acesso negado. (0x5)
[0508/112109.210:ERROR:process_reader_win.cc(142)] SuspendThread: Acesso negado. (0x5)
[0508/112109.210:ERROR:process_reader_win.cc(142)] SuspendThread: Acesso negado. (0x5)
[0508/112109.210:ERROR:process_reader_win.cc(114)] NtOpenThread: {Acesso Negado} Um processo solicitou acesso a um objeto, mas o direito de acesso não lhe foi concedido.  (0xc0000022)
[0508/112109.212:ERROR:exception_snapshot_win.cc(87)] thread ID 8072 not found in process
[0508/112109.212:WARNING:crash_report_exception_handler.cc(60)] ProcessSnapshotWin::Initialize failed
[0508/112659.469:ERROR:process_reader_win.cc(142)] SuspendThread: Acesso negado. (0x5)
[0508/112659.472:ERROR:process_reader_win.cc(142)] SuspendThread: Acesso negado. (0x5)
[0508/112659.472:ERROR:process_reader_win.cc(142)] SuspendThread: Acesso negado. (0x5)
[0508/112659.472:ERROR:process_reader_win.cc(114)] NtOpenThread: {Acesso Negado} Um processo solicitou acesso a um objeto, mas o direito de acesso não lhe foi concedido.  (0xc0000022)
[0508/112659.473:ERROR:exception_snapshot_win.cc(87)] thread ID 6688 not found in process
[0508/112659.473:WARNING:crash_report_exception_handler.cc(60)] ProcessSnapshotWin::Initialize failed
[0508/113059.472:ERROR:process_reader_win.cc(142)] SuspendThread: Acesso negado. (0x5)
[0508/113059.476:ERROR:process_reader_win.cc(142)] SuspendThread: Acesso negado. (0x5)
[0508/113059.476:ERROR:process_reader_win.cc(142)] SuspendThread: Acesso negado. (0x5)
[0508/113059.476:ERROR:process_reader_win.cc(142)] SuspendThread: Acesso negado. (0x5)
[0508/113059.477:ERROR:process_reader_win.cc(142)] SuspendThread: Acesso negado. (0x5)
[0508/113059.477:ERROR:process_reader_win.cc(142)] SuspendThread: Acesso negado. (0x5)
[0508/113059.478:ERROR:process_reader_win.cc(142)] SuspendThread: Acesso negado. (0x5)
[0508/113059.479:ERROR:process_reader_win.cc(142)] SuspendThread: Acesso negado. (0x5)
[0508/113059.480:ERROR:process_reader_win.cc(142)] SuspendThread: Acesso negado. (0x5)
[0508/113059.480:ERROR:process_reader_win.cc(142)] SuspendThread: Acesso negado. (0x5)
[0508/113059.481:ERROR:process_reader_win.cc(142)] SuspendThread: Acesso negado. (0x5)
[0508/113059.481:ERROR:process_reader_win.cc(142)] SuspendThread: Acesso negado. (0x5)
[0508/113059.481:ERROR:process_reader_win.cc(142)] SuspendThread: Acesso negado. (0x5)
[0508/113059.481:ERROR:process_reader_win.cc(142)] SuspendThread: Acesso negado. (0x5)
[0508/113059.482:ERROR:process_reader_win.cc(142)] SuspendThread: Acesso negado. (0x5)
[0508/113059.482:ERROR:process_reader_win.cc(142)] SuspendThread: Acesso negado. (0x5)
[0508/113059.482:ERROR:process_reader_win.cc(142)] SuspendThread: Acesso negado. (0x5)
[0508/113059.482:ERROR:process_reader_win.cc(142)] SuspendThread: Acesso negado. (0x5)
[0508/113059.482:ERROR:process_reader_win.cc(142)] SuspendThread: Acesso negado. (0x5)
[0508/113059.482:ERROR:process_reader_win.cc(142)] SuspendThread: Acesso negado. (0x5)
[0508/113059.482:ERROR:process_reader_win.cc(142)] SuspendThread: Acesso negado. (0x5)
[0508/113059.482:ERROR:process_reader_win.cc(142)] SuspendThread: Acesso negado. (0x5)
[0508/113059.483:ERROR:process_reader_win.cc(142)] SuspendThread: Acesso negado. (0x5)
[0508/113059.483:ERROR:process_reader_win.cc(142)] SuspendThread: Acesso negado. (0x5)
[0508/113059.483:ERROR:process_reader_win.cc(142)] SuspendThread: Acesso negado. (0x5)
[0508/113059.484:ERROR:process_reader_win.cc(142)] SuspendThread: Acesso negado. (0x5)
[0508/113059.485:ERROR:process_reader_win.cc(142)] SuspendThread: Acesso negado. (0x5)
[0508/113059.488:ERROR:process_reader_win.cc(142)] SuspendThread: Acesso negado. (0x5)
[0508/113059.489:ERROR:process_reader_win.cc(142)] SuspendThread: Acesso negado. (0x5)
[0508/113059.489:ERROR:process_reader_win.cc(114)] NtOpenThread: {Acesso Negado} Um processo solicitou acesso a um objeto, mas o direito de acesso não lhe foi concedido.  (0xc0000022)
[0508/113059.489:ERROR:exception_snapshot_win.cc(87)] thread ID 5552 not found in process
[0508/113059.489:WARNING:crash_report_exception_handler.cc(60)] ProcessSnapshotWin::Initialize failed
[0508/113234.466:ERROR:process_reader_win.cc(142)] SuspendThread: Acesso negado. (0x5)
[0508/113234.473:ERROR:process_reader_win.cc(142)] SuspendThread: Acesso negado. (0x5)
[0508/113234.473:ERROR:process_reader_win.cc(142)] SuspendThread: Acesso negado. (0x5)
[0508/113234.474:ERROR:process_reader_win.cc(142)] SuspendThread: Acesso negado. (0x5)
[0508/113234.474:ERROR:process_reader_win.cc(142)] SuspendThread: Acesso negado. (0x5)
[0508/113234.476:ERROR:process_reader_win.cc(142)] SuspendThread: Acesso negado. (0x5)
[0508/113234.476:ERROR:process_reader_win.cc(142)] SuspendThread: Acesso negado. (0x5)
[0508/113234.476:ERROR:process_reader_win.cc(142)] SuspendThread: Acesso negado. (0x5)
[0508/113234.477:ERROR:process_reader_win.cc(142)] SuspendThread: Acesso negado. (0x5)
[0508/113234.477:ERROR:process_reader_win.cc(142)] SuspendThread: Acesso negado. (0x5)
[0508/113234.478:ERROR:process_reader_win.cc(142)] SuspendThread: Acesso negado. (0x5)
[0508/113234.479:ERROR:process_reader_win.cc(142)] SuspendThread: Acesso negado. (0x5)
[0508/113234.479:ERROR:process_reader_win.cc(142)] SuspendThread: Acesso negado. (0x5)
[0508/113234.479:ERROR:process_reader_win.cc(142)] SuspendThread: Acesso negado. (0x5)
[0508/113234.480:ERROR:process_reader_win.cc(142)] SuspendThread: Acesso negado. (0x5)
[0508/113234.480:ERROR:process_reader_win.cc(142)] SuspendThread: Acesso negado. (0x5)
[0508/113234.481:ERROR:process_reader_win.cc(142)] SuspendThread: Acesso negado. (0x5)
[0508/113234.481:ERROR:process_reader_win.cc(142)] SuspendThread: Acesso negado. (0x5)
[0508/113234.481:ERROR:process_reader_win.cc(142)] SuspendThread: Acesso negado. (0x5)
[0508/113234.482:ERROR:process_reader_win.cc(142)] SuspendThread: Acesso negado. (0x5)
[0508/113234.482:ERROR:process_reader_win.cc(142)] SuspendThread: Acesso negado. (0x5)
[0508/113234.482:ERROR:process_reader_win.cc(142)] SuspendThread: Acesso negado. (0x5)
[0508/113234.482:ERROR:process_reader_win.cc(142)] SuspendThread: Acesso negado. (0x5)
[0508/113234.482:ERROR:process_reader_win.cc(142)] SuspendThread: Acesso negado. (0x5)
[0508/113234.482:ERROR:process_reader_win.cc(142)] SuspendThread: Acesso negado. (0x5)
[0508/113234.482:ERROR:process_reader_win.cc(142)] SuspendThread: Acesso negado. (0x5)
[0508/113234.483:ERROR:process_reader_win.cc(142)] SuspendThread: Acesso negado. (0x5)
[0508/113234.483:ERROR:process_reader_win.cc(142)] SuspendThread: Acesso negado. (0x5)
[0508/113234.483:ERROR:process_reader_win.cc(142)] SuspendThread: Acesso negado. (0x5)
[0508/113234.483:ERROR:process_reader_win.cc(142)] SuspendThread: Acesso negado. (0x5)
[0508/113234.483:ERROR:process_reader_win.cc(114)] NtOpenThread: {Acesso Negado} Um processo solicitou acesso a um objeto, mas o direito de acesso não lhe foi concedido.  (0xc0000022)
[0508/113234.484:ERROR:exception_snapshot_win.cc(87)] thread ID 10888 not found in process
[0508/113234.484:WARNING:crash_report_exception_handler.cc(60)] ProcessSnapshotWin::Initialize failed
[0508/132958.310:ERROR:process_reader_win.cc(142)] SuspendThread: Acesso negado. (0x5)
[0508/132958.319:ERROR:process_reader_win.cc(142)] SuspendThread: Acesso negado. (0x5)
[0508/132958.319:ERROR:process_reader_win.cc(142)] SuspendThread: Acesso negado. (0x5)
[0508/132958.319:ERROR:process_reader_win.cc(142)] SuspendThread: Acesso negado. (0x5)
[0508/132958.319:ERROR:process_reader_win.cc(142)] SuspendThread: Acesso negado. (0x5)
[0508/132958.319:ERROR:process_reader_win.cc(142)] SuspendThread: Acesso negado. (0x5)
[0508/132958.354:ERROR:process_reader_win.cc(142)] SuspendThread: Acesso negado. (0x5)
[0508/132958.355:ERROR:process_reader_win.cc(142)] SuspendThread: Acesso negado. (0x5)
[0508/132958.355:ERROR:process_reader_win.cc(142)] SuspendThread: Acesso negado. (0x5)
[0508/132958.355:ERROR:process_reader_win.cc(142)] SuspendThread: Acesso negado. (0x5)
[0508/132958.355:ERROR:process_reader_win.cc(142)] SuspendThread: Acesso negado. (0x5)
[0508/132958.355:ERROR:process_reader_win.cc(142)] SuspendThread: Acesso negado. (0x5)
[0508/132958.356:ERROR:process_reader_win.cc(142)] SuspendThread: Acesso negado. (0x5)
[0508/132958.356:ERROR:process_reader_win.cc(142)] SuspendThread: Acesso negado. (0x5)
[0508/132958.356:ERROR:process_reader_win.cc(142)] SuspendThread: Acesso negado. (0x5)
[0508/132958.356:ERROR:process_reader_win.cc(142)] SuspendThread: Acesso negado. (0x5)
[0508/132958.356:ERROR:process_reader_win.cc(142)] SuspendThread: Acesso negado. (0x5)
[0508/132958.356:ERROR:process_reader_win.cc(142)] SuspendThread: Acesso negado. (0x5)
[0508/132958.356:ERROR:process_reader_win.cc(142)] SuspendThread: Acesso negado. (0x5)
[0508/132958.356:ERROR:process_reader_win.cc(142)] SuspendThread: Acesso negado. (0x5)
[0508/132958.357:ERROR:process_reader_win.cc(142)] SuspendThread: Acesso negado. (0x5)
[0508/132958.357:ERROR:process_reader_win.cc(142)] SuspendThread: Acesso negado. (0x5)
[0508/132958.357:ERROR:process_reader_win.cc(142)] SuspendThread: Acesso negado. (0x5)
[0508/132958.357:ERROR:process_reader_win.cc(114)] NtOpenThread: Foi especificado um identificador de cliente inválido.  (0xc000000b)
[0508/132958.359:ERROR:process_reader_win.cc(142)] SuspendThread: Acesso negado. (0x5)
[0508/132958.359:ERROR:process_reader_win.cc(142)] SuspendThread: Acesso negado. (0x5)
[0508/132958.359:ERROR:process_reader_win.cc(142)] SuspendThread: Acesso negado. (0x5)
[0508/132958.359:ERROR:process_reader_win.cc(142)] SuspendThread: Acesso negado. (0x5)
[0508/132958.360:ERROR:process_reader_win.cc(142)] SuspendThread: Acesso negado. (0x5)
[0508/132958.370:ERROR:process_reader_win.cc(142)] SuspendThread: Acesso negado. (0x5)
[0508/132958.370:ERROR:process_reader_win.cc(142)] SuspendThread: Acesso negado. (0x5)
[0508/132958.370:ERROR:process_reader_win.cc(142)] SuspendThread: Acesso negado. (0x5)
[0508/132958.370:ERROR:process_reader_win.cc(114)] NtOpenThread: {Acesso Negado} Um processo solicitou acesso a um objeto, mas o direito de acesso não lhe foi concedido.  (0xc0000022)
[0508/132958.370:ERROR:exception_snapshot_win.cc(87)] thread ID 4240 not found in process
[0508/132958.370:WARNING:crash_report_exception_handler.cc(60)] ProcessSnapshotWin::Initialize failed
[0508/133323.328:ERROR:process_reader_win.cc(142)] SuspendThread: Acesso negado. (0x5)
[0508/133323.342:ERROR:process_reader_win.cc(142)] SuspendThread: Acesso negado. (0x5)
[0508/133323.347:ERROR:process_reader_win.cc(142)] SuspendThread: Acesso negado. (0x5)
[0508/133323.352:ERROR:process_reader_win.cc(142)] SuspendThread: Acesso negado. (0x5)
[0508/133323.354:ERROR:process_reader_win.cc(142)] SuspendThread: Acesso negado. (0x5)
[0508/133323.354:ERROR:process_reader_win.cc(142)] SuspendThread: Acesso negado. (0x5)
[0508/133323.354:ERROR:process_reader_win.cc(142)] SuspendThread: Acesso negado. (0x5)
[0508/133323.355:ERROR:process_reader_win.cc(142)] SuspendThread: Acesso negado. (0x5)
[0508/133323.355:ERROR:process_reader_win.cc(142)] SuspendThread: Acesso negado. (0x5)
[0508/133323.355:ERROR:process_reader_win.cc(142)] SuspendThread: Acesso negado. (0x5)
[0508/133323.355:ERROR:process_reader_win.cc(142)] SuspendThread: Acesso negado. (0x5)
[0508/133323.355:ERROR:process_reader_win.cc(114)] NtOpenThread: {Acesso Negado} Um processo solicitou acesso a um objeto, mas o direito de acesso não lhe foi concedido.  (0xc0000022)
[0508/133323.358:ERROR:exception_snapshot_win.cc(87)] thread ID 8080 not found in process
[0508/133323.358:WARNING:crash_report_exception_handler.cc(60)] ProcessSnapshotWin::Initialize failed
[0508/134756.143:ERROR:process_reader_win.cc(142)] SuspendThread: Acesso negado. (0x5)
[0508/134756.149:ERROR:process_reader_win.cc(142)] SuspendThread: Acesso negado. (0x5)
[0508/134756.149:ERROR:process_reader_win.cc(142)] SuspendThread: Acesso negado. (0x5)
[0508/134756.149:ERROR:process_reader_win.cc(142)] SuspendThread: Acesso negado. (0x5)
[0508/134756.149:ERROR:process_reader_win.cc(142)] SuspendThread: Acesso negado. (0x5)
[0508/134756.149:ERROR:process_reader_win.cc(142)] SuspendThread: Acesso negado. (0x5)
[0508/134756.150:ERROR:process_reader_win.cc(142)] SuspendThread: Acesso negado. (0x5)
[0508/134756.150:ERROR:process_reader_win.cc(142)] SuspendThread: Acesso negado. (0x5)
[0508/134756.150:ERROR:process_reader_win.cc(142)] SuspendThread: Acesso negado. (0x5)
[0508/134756.150:ERROR:process_reader_win.cc(142)] SuspendThread: Acesso negado. (0x5)
[0508/134756.150:ERROR:process_reader_win.cc(142)] SuspendThread: Acesso negado. (0x5)
[0508/134756.150:ERROR:process_reader_win.cc(142)] SuspendThread: Acesso negado. (0x5)
[0508/134756.150:ERROR:process_reader_win.cc(142)] SuspendThread: Acesso negado. (0x5)
[0508/134756.150:ERROR:process_reader_win.cc(142)] SuspendThread: Acesso negado. (0x5)
[0508/134756.150:ERROR:process_reader_win.cc(142)] SuspendThread: Acesso negado. (0x5)
[0508/134756.151:ERROR:process_reader_win.cc(142)] SuspendThread: Acesso negado. (0x5)
[0508/134756.151:ERROR:process_reader_win.cc(142)] SuspendThread: Acesso negado. (0x5)
[0508/134756.151:ERROR:process_reader_win.cc(142)] SuspendThread: Acesso negado. (0x5)
[0508/134756.151:ERROR:process_reader_win.cc(142)] SuspendThread: Acesso negado. (0x5)
[0508/134756.151:ERROR:process_reader_win.cc(142)] SuspendThread: Acesso negado. (0x5)
[0508/134756.151:ERROR:process_reader_win.cc(142)] SuspendThread: Acesso negado. (0x5)
[0508/134756.151:ERROR:process_reader_win.cc(142)] SuspendThread: Acesso negado. (0x5)
[0508/134756.151:ERROR:process_reader_win.cc(142)] SuspendThread: Acesso negado. (0x5)
[0508/134756.151:ERROR:process_reader_win.cc(142)] SuspendThread: Acesso negado. (0x5)
[0508/134756.151:ERROR:process_reader_win.cc(142)] SuspendThread: Acesso negado. (0x5)
[0508/134756.152:ERROR:process_reader_win.cc(142)] SuspendThread: Acesso negado. (0x5)
[0508/134756.152:ERROR:process_reader_win.cc(142)] SuspendThread: Acesso negado. (0x5)
[0508/134756.152:ERROR:process_reader_win.cc(142)] SuspendThread: Acesso negado. (0x5)
[0508/134756.165:ERROR:process_reader_win.cc(142)] SuspendThread: Acesso negado. (0x5)
[0508/134756.166:ERROR:process_reader_win.cc(142)] SuspendThread: Acesso negado. (0x5)
[0508/134756.185:ERROR:process_reader_win.cc(142)] SuspendThread: Acesso negado. (0x5)
[0508/134756.185:ERROR:process_reader_win.cc(114)] NtOpenThread: {Acesso Negado} Um processo solicitou acesso a um objeto, mas o direito de acesso não lhe foi concedido.  (0xc0000022)
[0508/134756.212:ERROR:exception_snapshot_win.cc(87)] thread ID 8500 not found in process
[0508/134756.212:WARNING:crash_report_exception_handler.cc(60)] ProcessSnapshotWin::Initialize failed
[0508/134927.072:ERROR:process_reader_win.cc(142)] SuspendThread: Acesso negado. (0x5)
[0508/134927.082:ERROR:process_reader_win.cc(142)] SuspendThread: Acesso negado. (0x5)
[0508/134927.082:ERROR:process_reader_win.cc(114)] NtOpenThread: {Acesso Negado} Um processo solicitou acesso a um objeto, mas o direito de acesso não lhe foi concedido.  (0xc0000022)
[0508/134927.087:ERROR:exception_snapshot_win.cc(87)] thread ID 6588 not found in process
[0508/134927.087:WARNING:crash_report_exception_handler.cc(60)] ProcessSnapshotWin::Initialize failed
[0508/135512.993:ERROR:process_reader_win.cc(142)] SuspendThread: Acesso negado. (0x5)
[0508/135512.999:ERROR:process_reader_win.cc(142)] SuspendThread: Acesso negado. (0x5)
[0508/135512.999:ERROR:process_reader_win.cc(114)] NtOpenThread: {Acesso Negado} Um processo solicitou acesso a um objeto, mas o direito de acesso não lhe foi concedido.  (0xc0000022)
[0508/135513.015:ERROR:exception_snapshot_win.cc(87)] thread ID 5276 not found in process
[0508/135513.015:WARNING:crash_report_exception_handler.cc(60)] ProcessSnapshotWin::Initialize failed
[0508/135954.807:ERROR:process_reader_win.cc(142)] SuspendThread: Acesso negado. (0x5)
[0508/135954.873:ERROR:process_reader_win.cc(142)] SuspendThread: Acesso negado. (0x5)
[0508/135954.874:ERROR:process_reader_win.cc(142)] SuspendThread: Acesso negado. (0x5)
[0508/135954.874:ERROR:process_reader_win.cc(142)] SuspendThread: Acesso negado. (0x5)
[0508/135954.874:ERROR:process_reader_win.cc(142)] SuspendThread: Acesso negado. (0x5)
[0508/135954.874:ERROR:process_reader_win.cc(142)] SuspendThread: Acesso negado. (0x5)
[0508/135954.874:ERROR:process_reader_win.cc(142)] SuspendThread: Acesso negado. (0x5)
[0508/135954.874:ERROR:process_reader_win.cc(142)] SuspendThread: Acesso negado. (0x5)
[0508/135954.874:ERROR:process_reader_win.cc(142)] SuspendThread: Acesso negado. (0x5)
[0508/135954.874:ERROR:process_reader_win.cc(142)] SuspendThread: Acesso negado. (0x5)
[0508/135954.874:ERROR:process_reader_win.cc(142)] SuspendThread: Acesso negado. (0x5)
[0508/135954.875:ERROR:process_reader_win.cc(142)] SuspendThread: Acesso negado. (0x5)
[0508/135954.875:ERROR:process_reader_win.cc(142)] SuspendThread: Acesso negado. (0x5)
[0508/135954.875:ERROR:process_reader_win.cc(142)] SuspendThread: Acesso negado. (0x5)
[0508/135954.875:ERROR:process_reader_win.cc(142)] SuspendThread: Acesso negado. (0x5)
[0508/135954.875:ERROR:process_reader_win.cc(142)] SuspendThread: Acesso negado. (0x5)
[0508/135954.875:ERROR:process_reader_win.cc(142)] SuspendThread: Acesso negado. (0x5)
[0508/135954.875:ERROR:process_reader_win.cc(142)] SuspendThread: Acesso negado. (0x5)
[0508/135954.875:ERROR:process_reader_win.cc(142)] SuspendThread: Acesso negado. (0x5)
[0508/135954.875:ERROR:process_reader_win.cc(142)] SuspendThread: Acesso negado. (0x5)
[0508/135954.876:ERROR:process_reader_win.cc(142)] SuspendThread: Acesso negado. (0x5)
[0508/135954.876:ERROR:process_reader_win.cc(142)] SuspendThread: Acesso negado. (0x5)
[0508/135954.876:ERROR:process_reader_win.cc(142)] SuspendThread: Acesso negado. (0x5)
[0508/135954.876:ERROR:process_reader_win.cc(142)] SuspendThread: Acesso negado. (0x5)
[0508/135954.876:ERROR:process_reader_win.cc(114)] NtOpenThread: Foi especificado um identificador de cliente inválido.  (0xc000000b)
[0508/135954.921:ERROR:process_reader_win.cc(142)] SuspendThread: Acesso negado. (0x5)
[0508/135954.922:ERROR:process_reader_win.cc(142)] SuspendThread: Acesso negado. (0x5)
[0508/135954.922:ERROR:process_reader_win.cc(142)] SuspendThread: Acesso negado. (0x5)
[0508/135954.922:ERROR:process_reader_win.cc(142)] SuspendThread: Acesso negado. (0x5)
[0508/135954.922:ERROR:process_reader_win.cc(142)] SuspendThread: Acesso negado. (0x5)
[0508/135954.922:ERROR:process_reader_win.cc(142)] SuspendThread: Acesso negado. (0x5)
[0508/135954.922:ERROR:process_reader_win.cc(114)] NtOpenThread: {Acesso Negado} Um processo solicitou acesso a um objeto, mas o direito de acesso não lhe foi concedido.  (0xc0000022)
[0508/135954.922:ERROR:exception_snapshot_win.cc(87)] thread ID 4132 not found in process
[0508/135954.922:WARNING:crash_report_exception_handler.cc(60)] ProcessSnapshotWin::Initialize failed
[0508/140928.867:ERROR:process_reader_win.cc(142)] SuspendThread: Acesso negado. (0x5)
[0508/140928.875:ERROR:process_reader_win.cc(142)] SuspendThread: Acesso negado. (0x5)
[0508/140928.875:ERROR:process_reader_win.cc(142)] SuspendThread: Acesso negado. (0x5)
[0508/140928.876:ERROR:process_reader_win.cc(142)] SuspendThread: Acesso negado. (0x5)
[0508/140928.876:ERROR:process_reader_win.cc(142)] SuspendThread: Acesso negado. (0x5)
[0508/140928.876:ERROR:process_reader_win.cc(142)] SuspendThread: Acesso negado. (0x5)
[0508/140928.877:ERROR:process_reader_win.cc(142)] SuspendThread: Acesso negado. (0x5)
[0508/140928.877:ERROR:process_reader_win.cc(142)] SuspendThread: Acesso negado. (0x5)
[0508/140928.877:ERROR:process_reader_win.cc(142)] SuspendThread: Acesso negado. (0x5)
[0508/140928.877:ERROR:process_reader_win.cc(142)] SuspendThread: Acesso negado. (0x5)
[0508/140928.877:ERROR:process_reader_win.cc(142)] SuspendThread: Acesso negado. (0x5)
[0508/140928.877:ERROR:process_reader_win.cc(142)] SuspendThread: Acesso negado. (0x5)
[0508/140928.877:ERROR:process_reader_win.cc(142)] SuspendThread: Acesso negado. (0x5)
[0508/140928.877:ERROR:process_reader_win.cc(142)] SuspendThread: Acesso negado. (0x5)
[0508/140928.878:ERROR:process_reader_win.cc(142)] SuspendThread: Acesso negado. (0x5)
[0508/140928.878:ERROR:process_reader_win.cc(142)] SuspendThread: Acesso negado. (0x5)
[0508/140928.878:ERROR:process_reader_win.cc(142)] SuspendThread: Acesso negado. (0x5)
[0508/140928.878:ERROR:process_reader_win.cc(142)] SuspendThread: Acesso negado. (0x5)
[0508/140928.878:ERROR:process_reader_win.cc(142)] SuspendThread: Acesso negado. (0x5)
[0508/140928.878:ERROR:process_reader_win.cc(142)] SuspendThread: Acesso negado. (0x5)
[0508/140928.878:ERROR:process_reader_win.cc(142)] SuspendThread: Acesso negado. (0x5)
[0508/140928.879:ERROR:process_reader_win.cc(142)] SuspendThread: Acesso negado. (0x5)
[0508/140928.879:ERROR:process_reader_win.cc(142)] SuspendThread: Acesso negado. (0x5)
[0508/140928.879:ERROR:process_reader_win.cc(142)] SuspendThread: Acesso negado. (0x5)
[0508/140928.879:ERROR:process_reader_win.cc(142)] SuspendThread: Acesso negado. (0x5)
[0508/140928.879:ERROR:process_reader_win.cc(142)] SuspendThread: Acesso negado. (0x5)
[0508/140928.879:ERROR:process_reader_win.cc(142)] SuspendThread: Acesso negado. (0x5)
[0508/140928.879:ERROR:process_reader_win.cc(142)] SuspendThread: Acesso negado. (0x5)
[0508/140928.879:ERROR:process_reader_win.cc(142)] SuspendThread: Acesso negado. (0x5)
[0508/140928.879:ERROR:process_reader_win.cc(114)] NtOpenThread: {Acesso Negado} Um processo solicitou acesso a um objeto, mas o direito de acesso não lhe foi concedido.  (0xc0000022)
[0508/140928.881:ERROR:exception_snapshot_win.cc(87)] thread ID 10260 not found in process
[0508/140928.881:WARNING:crash_report_exception_handler.cc(60)] ProcessSnapshotWin::Initialize failed
[0508/141125.336:ERROR:process_reader_win.cc(142)] SuspendThread: Acesso negado. (0x5)
[0508/141125.343:ERROR:process_reader_win.cc(142)] SuspendThread: Acesso negado. (0x5)
[0508/141125.351:ERROR:process_reader_win.cc(142)] SuspendThread: Acesso negado. (0x5)
[0508/141125.353:ERROR:process_reader_win.cc(142)] SuspendThread: Acesso negado. (0x5)
[0508/141125.354:ERROR:process_reader_win.cc(142)] SuspendThread: Acesso negado. (0x5)
[0508/141125.359:ERROR:process_reader_win.cc(142)] SuspendThread: Acesso negado. (0x5)
[0508/141125.359:ERROR:process_reader_win.cc(142)] SuspendThread: Acesso negado. (0x5)
[0508/141125.360:ERROR:process_reader_win.cc(142)] SuspendThread: Acesso negado. (0x5)
[0508/141125.360:ERROR:process_reader_win.cc(142)] SuspendThread: Acesso negado. (0x5)
[0508/141125.360:ERROR:process_reader_win.cc(142)] SuspendThread: Acesso negado. (0x5)
[0508/141125.361:ERROR:process_reader_win.cc(142)] SuspendThread: Acesso negado. (0x5)
[0508/141125.361:ERROR:process_reader_win.cc(142)] SuspendThread: Acesso negado. (0x5)
[0508/141125.362:ERROR:process_reader_win.cc(142)] SuspendThread: Acesso negado. (0x5)
[0508/141125.362:ERROR:process_reader_win.cc(142)] SuspendThread: Acesso negado. (0x5)
[0508/141125.364:ERROR:process_reader_win.cc(142)] SuspendThread: Acesso negado. (0x5)
[0508/141125.365:ERROR:process_reader_win.cc(142)] SuspendThread: Acesso negado. (0x5)
[0508/141125.365:ERROR:process_reader_win.cc(142)] SuspendThread: Acesso negado. (0x5)
[0508/141125.366:ERROR:process_reader_win.cc(142)] SuspendThread: Acesso negado. (0x5)
[0508/141125.366:ERROR:process_reader_win.cc(142)] SuspendThread: Acesso negado. (0x5)
[0508/141125.366:ERROR:process_reader_win.cc(142)] SuspendThread: Acesso negado. (0x5)
[0508/141125.367:ERROR:process_reader_win.cc(142)] SuspendThread: Acesso negado. (0x5)
[0508/141125.367:ERROR:process_reader_win.cc(142)] SuspendThread: Acesso negado. (0x5)
[0508/141125.367:ERROR:process_reader_win.cc(114)] NtOpenThread: Foi especificado um identificador de cliente inválido.  (0xc000000b)
[0508/141125.368:ERROR:process_reader_win.cc(142)] SuspendThread: Acesso negado. (0x5)
[0508/141125.368:ERROR:process_reader_win.cc(142)] SuspendThread: Acesso negado. (0x5)
[0508/141125.368:ERROR:process_reader_win.cc(142)] SuspendThread: Acesso negado. (0x5)
[0508/141125.368:ERROR:process_reader_win.cc(142)] SuspendThread: Acesso negado. (0x5)
[0508/141125.368:ERROR:process_reader_win.cc(142)] SuspendThread: Acesso negado. (0x5)
[0508/141125.368:ERROR:process_reader_win.cc(142)] SuspendThread: Acesso negado. (0x5)
[0508/141125.368:ERROR:process_reader_win.cc(142)] SuspendThread: Acesso negado. (0x5)
[0508/141125.368:ERROR:process_reader_win.cc(114)] NtOpenThread: {Acesso Negado} Um processo solicitou acesso a um objeto, mas o direito de acesso não lhe foi concedido.  (0xc0000022)
[0508/141125.368:ERROR:exception_snapshot_win.cc(87)] thread ID 1164 not found in process
[0508/141125.368:WARNING:crash_report_exception_handler.cc(60)] ProcessSnapshotWin::Initialize failed
[0508/141420.967:ERROR:process_reader_win.cc(142)] SuspendThread: Acesso negado. (0x5)
[0508/141420.972:ERROR:process_reader_win.cc(142)] SuspendThread: Acesso negado. (0x5)
[0508/141420.972:ERROR:process_reader_win.cc(114)] NtOpenThread: {Acesso Negado} Um processo solicitou acesso a um objeto, mas o direito de acesso não lhe foi concedido.  (0xc0000022)
[0508/141420.973:ERROR:exception_snapshot_win.cc(87)] thread ID 5532 not found in process
[0508/141420.973:WARNING:crash_report_exception_handler.cc(60)] ProcessSnapshotWin::Initialize failed
[0508/141651.554:ERROR:process_reader_win.cc(142)] SuspendThread: Acesso negado. (0x5)
[0508/141651.558:ERROR:process_reader_win.cc(142)] SuspendThread: Acesso negado. (0x5)
[0508/141651.558:ERROR:process_reader_win.cc(142)] SuspendThread: Acesso negado. (0x5)
[0508/141651.558:ERROR:process_reader_win.cc(142)] SuspendThread: Acesso negado. (0x5)
[0508/141651.558:ERROR:process_reader_win.cc(142)] SuspendThread: Acesso negado. (0x5)
[0508/141651.559:ERROR:process_reader_win.cc(142)] SuspendThread: Acesso negado. (0x5)
[0508/141651.559:ERROR:process_reader_win.cc(142)] SuspendThread: Acesso negado. (0x5)
[0508/141651.559:ERROR:process_reader_win.cc(142)] SuspendThread: Acesso negado. (0x5)
[0508/141651.559:ERROR:process_reader_win.cc(142)] SuspendThread: Acesso negado. (0x5)
[0508/141651.559:ERROR:process_reader_win.cc(142)] SuspendThread: Acesso negado. (0x5)
[0508/141651.559:ERROR:process_reader_win.cc(142)] SuspendThread: Acesso negado. (0x5)
[0508/141651.559:ERROR:process_reader_win.cc(142)] SuspendThread: Acesso negado. (0x5)
[0508/141651.559:ERROR:process_reader_win.cc(142)] SuspendThread: Acesso negado. (0x5)
[0508/141651.559:ERROR:process_reader_win.cc(142)] SuspendThread: Acesso negado. (0x5)
[0508/141651.560:ERROR:process_reader_win.cc(142)] SuspendThread: Acesso negado. (0x5)
[0508/141651.560:ERROR:process_reader_win.cc(142)] SuspendThread: Acesso negado. (0x5)
[0508/141651.560:ERROR:process_reader_win.cc(142)] SuspendThread: Acesso negado. (0x5)
[0508/141651.560:ERROR:process_reader_win.cc(142)] SuspendThread: Acesso negado. (0x5)
[0508/141651.560:ERROR:process_reader_win.cc(142)] SuspendThread: Acesso negado. (0x5)
[0508/141651.560:ERROR:process_reader_win.cc(142)] SuspendThread: Acesso negado. (0x5)
[0508/141651.560:ERROR:process_reader_win.cc(142)] SuspendThread: Acesso negado. (0x5)
[0508/141651.560:ERROR:process_reader_win.cc(142)] SuspendThread: Acesso negado. (0x5)
[0508/141651.560:ERROR:process_reader_win.cc(142)] SuspendThread: Acesso negado. (0x5)
[0508/141651.560:ERROR:process_reader_win.cc(142)] SuspendThread: Acesso negado. (0x5)
[0508/141651.561:ERROR:process_reader_win.cc(142)] SuspendThread: Acesso negado. (0x5)
[0508/141651.561:ERROR:process_reader_win.cc(142)] SuspendThread: Acesso negado. (0x5)
[0508/141651.561:ERROR:process_reader_win.cc(114)] NtOpenThread: {Acesso Negado} Um processo solicitou acesso a um objeto, mas o direito de acesso não lhe foi concedido.  (0xc0000022)
[0508/141651.562:ERROR:exception_snapshot_win.cc(87)] thread ID 1592 not found in process
[0508/141651.562:WARNING:crash_report_exception_handler.cc(60)] ProcessSnapshotWin::Initialize failed
[0508/143029.026:ERROR:process_reader_win.cc(142)] SuspendThread: Acesso negado. (0x5)
[0508/143029.034:ERROR:process_reader_win.cc(142)] SuspendThread: Acesso negado. (0x5)
[0508/143029.034:ERROR:process_reader_win.cc(114)] NtOpenThread: {Acesso Negado} Um processo solicitou acesso a um objeto, mas o direito de acesso não lhe foi concedido.  (0xc0000022)
[0508/143029.036:ERROR:exception_snapshot_win.cc(87)] thread ID 7244 not found in process
[0508/143029.036:WARNING:crash_report_exception_handler.cc(60)] ProcessSnapshotWin::Initialize failed
[0508/143436.740:ERROR:process_reader_win.cc(142)] SuspendThread: Acesso negado. (0x5)
[0508/143436.747:ERROR:process_reader_win.cc(142)] SuspendThread: Acesso negado. (0x5)
[0508/143436.748:ERROR:process_reader_win.cc(142)] SuspendThread: Acesso negado. (0x5)
[0508/143436.749:ERROR:process_reader_win.cc(142)] SuspendThread: Acesso negado. (0x5)
[0508/143436.750:ERROR:process_reader_win.cc(142)] SuspendThread: Acesso negado. (0x5)
[0508/143436.754:ERROR:process_reader_win.cc(142)] SuspendThread: Acesso negado. (0x5)
[0508/143436.755:ERROR:process_reader_win.cc(142)] SuspendThread: Acesso negado. (0x5)
[0508/143436.757:ERROR:process_reader_win.cc(142)] SuspendThread: Acesso negado. (0x5)
[0508/143436.757:ERROR:process_reader_win.cc(142)] SuspendThread: Acesso negado. (0x5)
[0508/143436.758:ERROR:process_reader_win.cc(142)] SuspendThread: Acesso negado. (0x5)
[0508/143436.758:ERROR:process_reader_win.cc(142)] SuspendThread: Acesso negado. (0x5)
[0508/143436.758:ERROR:process_reader_win.cc(142)] SuspendThread: Acesso negado. (0x5)
[0508/143436.758:ERROR:process_reader_win.cc(142)] SuspendThread: Acesso negado. (0x5)
[0508/143436.758:ERROR:process_reader_win.cc(142)] SuspendThread: Acesso negado. (0x5)
[0508/143436.758:ERROR:process_reader_win.cc(142)] SuspendThread: Acesso negado. (0x5)
[0508/143436.758:ERROR:process_reader_win.cc(142)] SuspendThread: Acesso negado. (0x5)
[0508/143436.758:ERROR:process_reader_win.cc(142)] SuspendThread: Acesso negado. (0x5)
[0508/143436.758:ERROR:process_reader_win.cc(142)] SuspendThread: Acesso negado. (0x5)
[0508/143436.758:ERROR:process_reader_win.cc(142)] SuspendThread: Acesso negado. (0x5)
[0508/143436.758:ERROR:process_reader_win.cc(142)] SuspendThread: Acesso negado. (0x5)
[0508/143436.759:ERROR:process_reader_win.cc(142)] SuspendThread: Acesso negado. (0x5)
[0508/143436.759:ERROR:process_reader_win.cc(142)] SuspendThread: Acesso negado. (0x5)
[0508/143436.759:ERROR:process_reader_win.cc(142)] SuspendThread: Acesso negado. (0x5)
[0508/143436.759:ERROR:process_reader_win.cc(114)] NtOpenThread: Foi especificado um identificador de cliente inválido.  (0xc000000b)
[0508/143436.793:ERROR:process_reader_win.cc(142)] SuspendThread: Acesso negado. (0x5)
[0508/143436.802:ERROR:process_reader_win.cc(142)] SuspendThread: Acesso negado. (0x5)
[0508/143436.802:ERROR:process_reader_win.cc(142)] SuspendThread: Acesso negado. (0x5)
[0508/143436.804:ERROR:process_reader_win.cc(142)] SuspendThread: Acesso negado. (0x5)
[0508/143436.805:ERROR:process_reader_win.cc(142)] SuspendThread: Acesso negado. (0x5)
[0508/143436.807:ERROR:process_reader_win.cc(142)] SuspendThread: Acesso negado. (0x5)
[0508/143436.808:ERROR:process_reader_win.cc(142)] SuspendThread: Acesso negado. (0x5)
[0508/143436.810:ERROR:process_reader_win.cc(142)] SuspendThread: Acesso negado. (0x5)
[0508/143436.810:ERROR:process_reader_win.cc(114)] NtOpenThread: {Acesso Negado} Um processo solicitou acesso a um objeto, mas o direito de acesso não lhe foi concedido.  (0xc0000022)
[0508/143436.810:ERROR:exception_snapshot_win.cc(87)] thread ID 1484 not found in process
[0508/143436.810:WARNING:crash_report_exception_handler.cc(60)] ProcessSnapshotWin::Initialize failed
[0508/144818.165:ERROR:process_reader_win.cc(142)] SuspendThread: Acesso negado. (0x5)
[0508/144818.170:ERROR:process_reader_win.cc(142)] SuspendThread: Acesso negado. (0x5)
[0508/144818.170:ERROR:process_reader_win.cc(114)] NtOpenThread: {Acesso Negado} Um processo solicitou acesso a um objeto, mas o direito de acesso não lhe foi concedido.  (0xc0000022)
[0508/144818.171:ERROR:exception_snapshot_win.cc(87)] thread ID 844 not found in process
[0508/144818.171:WARNING:crash_report_exception_handler.cc(60)] ProcessSnapshotWin::Initialize failed
[0508/144818.210:ERROR:process_reader_win.cc(142)] SuspendThread: Acesso negado. (0x5)
[0508/144818.220:ERROR:process_reader_win.cc(142)] SuspendThread: Acesso negado. (0x5)
[0508/144818.221:ERROR:process_reader_win.cc(142)] SuspendThread: Acesso negado. (0x5)
[0508/144818.221:ERROR:process_reader_win.cc(142)] SuspendThread: Acesso negado. (0x5)
[0508/144818.221:ERROR:process_reader_win.cc(142)] SuspendThread: Acesso negado. (0x5)
[0508/144818.221:ERROR:process_reader_win.cc(142)] SuspendThread: Acesso negado. (0x5)
[0508/144818.221:ERROR:process_reader_win.cc(142)] SuspendThread: Acesso negado. (0x5)
[0508/144818.221:ERROR:process_reader_win.cc(142)] SuspendThread: Acesso negado. (0x5)
[0508/144818.222:ERROR:process_reader_win.cc(142)] SuspendThread: Acesso negado. (0x5)
[0508/144818.222:ERROR:process_reader_win.cc(142)] SuspendThread: Acesso negado. (0x5)
[0508/144818.222:ERROR:process_reader_win.cc(142)] SuspendThread: Acesso negado. (0x5)
[0508/144818.222:ERROR:process_reader_win.cc(142)] SuspendThread: Acesso negado. (0x5)
[0508/144818.222:ERROR:process_reader_win.cc(142)] SuspendThread: Acesso negado. (0x5)
[0508/144818.222:ERROR:process_reader_win.cc(142)] SuspendThread: Acesso negado. (0x5)
[0508/144818.223:ERROR:process_reader_win.cc(142)] SuspendThread: Acesso negado. (0x5)
[0508/144818.223:ERROR:process_reader_win.cc(142)] SuspendThread: Acesso negado. (0x5)
[0508/144818.223:ERROR:process_reader_win.cc(142)] SuspendThread: Acesso negado. (0x5)
[0508/144818.223:ERROR:process_reader_win.cc(142)] SuspendThread: Acesso negado. (0x5)
[0508/144818.223:ERROR:process_reader_win.cc(142)] SuspendThread: Acesso negado. (0x5)
[0508/144818.223:ERROR:process_reader_win.cc(142)] SuspendThread: Acesso negado. (0x5)
[0508/144818.223:ERROR:process_reader_win.cc(142)] SuspendThread: Acesso negado. (0x5)
[0508/144818.223:ERROR:process_reader_win.cc(142)] SuspendThread: Acesso negado. (0x5)
[0508/144818.223:ERROR:process_reader_win.cc(142)] SuspendThread: Acesso negado. (0x5)
[0508/144818.223:ERROR:process_reader_win.cc(142)] SuspendThread: Acesso negado. (0x5)
[0508/144818.224:ERROR:process_reader_win.cc(142)] SuspendThread: Acesso negado. (0x5)
[0508/144818.224:ERROR:process_reader_win.cc(142)] SuspendThread: Acesso negado. (0x5)
[0508/144818.224:ERROR:process_reader_win.cc(142)] SuspendThread: Acesso negado. (0x5)
[0508/144818.224:ERROR:process_reader_win.cc(142)] SuspendThread: Acesso negado. (0x5)
[0508/144818.224:ERROR:process_reader_win.cc(142)] SuspendThread: Acesso negado. (0x5)
[0508/144818.224:ERROR:process_reader_win.cc(114)] NtOpenThread: {Acesso Negado} Um processo solicitou acesso a um objeto, mas o direito de acesso não lhe foi concedido.  (0xc0000022)
[0508/144818.225:ERROR:exception_snapshot_win.cc(87)] thread ID 3416 not found in process
[0508/144818.225:WARNING:crash_report_exception_handler.cc(60)] ProcessSnapshotWin::Initialize failed
[0508/145525.781:ERROR:process_reader_win.cc(142)] SuspendThread: Acesso negado. (0x5)
[0508/145525.786:ERROR:process_reader_win.cc(142)] SuspendThread: Acesso negado. (0x5)
[0508/145525.786:ERROR:process_reader_win.cc(142)] SuspendThread: Acesso negado. (0x5)
[0508/145525.786:ERROR:process_reader_win.cc(142)] SuspendThread: Acesso negado. (0x5)
[0508/145525.786:ERROR:process_reader_win.cc(142)] SuspendThread: Acesso negado. (0x5)
[0508/145525.786:ERROR:process_reader_win.cc(142)] SuspendThread: Acesso negado. (0x5)
[0508/145525.786:ERROR:process_reader_win.cc(142)] SuspendThread: Acesso negado. (0x5)
[0508/145525.787:ERROR:process_reader_win.cc(142)] SuspendThread: Acesso negado. (0x5)
[0508/145525.787:ERROR:process_reader_win.cc(142)] SuspendThread: Acesso negado. (0x5)
[0508/145525.787:ERROR:process_reader_win.cc(142)] SuspendThread: Acesso negado. (0x5)
[0508/145525.787:ERROR:process_reader_win.cc(142)] SuspendThread: Acesso negado. (0x5)
[0508/145525.787:ERROR:process_reader_win.cc(142)] SuspendThread: Acesso negado. (0x5)
[0508/145525.787:ERROR:process_reader_win.cc(142)] SuspendThread: Acesso negado. (0x5)
[0508/145525.787:ERROR:process_reader_win.cc(142)] SuspendThread: Acesso negado. (0x5)
[0508/145525.787:ERROR:process_reader_win.cc(142)] SuspendThread: Acesso negado. (0x5)
[0508/145525.787:ERROR:process_reader_win.cc(142)] SuspendThread: Acesso negado. (0x5)
[0508/145525.788:ERROR:process_reader_win.cc(142)] SuspendThread: Acesso negado. (0x5)
[0508/145525.788:ERROR:process_reader_win.cc(142)] SuspendThread: Acesso negado. (0x5)
[0508/145525.788:ERROR:process_reader_win.cc(142)] SuspendThread: Acesso negado. (0x5)
[0508/145525.788:ERROR:process_reader_win.cc(142)] SuspendThread: Acesso negado. (0x5)
[0508/145525.788:ERROR:process_reader_win.cc(142)] SuspendThread: Acesso negado. (0x5)
[0508/145525.788:ERROR:process_reader_win.cc(142)] SuspendThread: Acesso negado. (0x5)
[0508/145525.789:ERROR:process_reader_win.cc(142)] SuspendThread: Acesso negado. (0x5)
[0508/145525.789:ERROR:process_reader_win.cc(142)] SuspendThread: Acesso negado. (0x5)
[0508/145525.789:ERROR:process_reader_win.cc(114)] NtOpenThread: {Acesso Negado} Um processo solicitou acesso a um objeto, mas o direito de acesso não lhe foi concedido.  (0xc0000022)
[0508/145525.790:ERROR:exception_snapshot_win.cc(87)] thread ID 10648 not found in process
[0508/145525.790:WARNING:crash_report_exception_handler.cc(60)] ProcessSnapshotWin::Initialize failed
[0508/145902.183:ERROR:process_reader_win.cc(142)] SuspendThread: Acesso negado. (0x5)
[0508/145902.190:ERROR:process_reader_win.cc(142)] SuspendThread: Acesso negado. (0x5)
[0508/145902.190:ERROR:process_reader_win.cc(142)] SuspendThread: Acesso negado. (0x5)
[0508/145902.190:ERROR:process_reader_win.cc(142)] SuspendThread: Acesso negado. (0x5)
[0508/145902.191:ERROR:process_reader_win.cc(142)] SuspendThread: Acesso negado. (0x5)
[0508/145902.191:ERROR:process_reader_win.cc(142)] SuspendThread: Acesso negado. (0x5)
[0508/145902.191:ERROR:process_reader_win.cc(142)] SuspendThread: Acesso negado. (0x5)
[0508/145902.191:ERROR:process_reader_win.cc(142)] SuspendThread: Acesso negado. (0x5)
[0508/145902.191:ERROR:process_reader_win.cc(142)] SuspendThread: Acesso negado. (0x5)
[0508/145902.191:ERROR:process_reader_win.cc(142)] SuspendThread: Acesso negado. (0x5)
[0508/145902.191:ERROR:process_reader_win.cc(142)] SuspendThread: Acesso negado. (0x5)
[0508/145902.191:ERROR:process_reader_win.cc(142)] SuspendThread: Acesso negado. (0x5)
[0508/145902.191:ERROR:process_reader_win.cc(142)] SuspendThread: Acesso negado. (0x5)
[0508/145902.192:ERROR:process_reader_win.cc(142)] SuspendThread: Acesso negado. (0x5)
[0508/145902.192:ERROR:process_reader_win.cc(142)] SuspendThread: Acesso negado. (0x5)
[0508/145902.192:ERROR:process_reader_win.cc(142)] SuspendThread: Acesso negado. (0x5)
[0508/145902.192:ERROR:process_reader_win.cc(142)] SuspendThread: Acesso negado. (0x5)
[0508/145902.192:ERROR:process_reader_win.cc(142)] SuspendThread: Acesso negado. (0x5)
[0508/145902.192:ERROR:process_reader_win.cc(142)] SuspendThread: Acesso negado. (0x5)
[0508/145902.192:ERROR:process_reader_win.cc(142)] SuspendThread: Acesso negado. (0x5)
[0508/145902.192:ERROR:process_reader_win.cc(142)] SuspendThread: Acesso negado. (0x5)
[0508/145902.193:ERROR:process_reader_win.cc(142)] SuspendThread: Acesso negado. (0x5)
[0508/145902.193:ERROR:process_reader_win.cc(142)] SuspendThread: Acesso negado. (0x5)
[0508/145902.193:ERROR:process_reader_win.cc(142)] SuspendThread: Acesso negado. (0x5)
[0508/145902.193:ERROR:process_reader_win.cc(142)] SuspendThread: Acesso negado. (0x5)
[0508/145902.193:ERROR:process_reader_win.cc(142)] SuspendThread: Acesso negado. (0x5)
[0508/145902.193:ERROR:process_reader_win.cc(142)] SuspendThread: Acesso negado. (0x5)
[0508/145902.193:ERROR:process_reader_win.cc(142)] SuspendThread: Acesso negado. (0x5)
[0508/145902.193:ERROR:process_reader_win.cc(142)] SuspendThread: Acesso negado. (0x5)
[0508/145902.193:ERROR:process_reader_win.cc(114)] NtOpenThread: {Acesso Negado} Um processo solicitou acesso a um objeto, mas o direito de acesso não lhe foi concedido.  (0xc0000022)
[0508/145902.195:ERROR:exception_snapshot_win.cc(87)] thread ID 10356 not found in process
[0508/145902.195:WARNING:crash_report_exception_handler.cc(60)] ProcessSnapshotWin::Initialize failed
[0508/151102.115:ERROR:process_reader_win.cc(142)] SuspendThread: Acesso negado. (0x5)
[0508/151102.128:ERROR:process_reader_win.cc(142)] SuspendThread: Acesso negado. (0x5)
[0508/151102.130:ERROR:process_reader_win.cc(142)] SuspendThread: Acesso negado. (0x5)
[0508/151102.130:ERROR:process_reader_win.cc(114)] NtOpenThread: {Acesso Negado} Um processo solicitou acesso a um objeto, mas o direito de acesso não lhe foi concedido.  (0xc0000022)
[0508/151102.138:ERROR:exception_snapshot_win.cc(87)] thread ID 8472 not found in process
[0508/151102.138:WARNING:crash_report_exception_handler.cc(60)] ProcessSnapshotWin::Initialize failed
[0508/151102.292:ERROR:process_reader_win.cc(142)] SuspendThread: Acesso negado. (0x5)
[0508/151102.314:ERROR:process_reader_win.cc(142)] SuspendThread: Acesso negado. (0x5)
[0508/151102.325:ERROR:process_reader_win.cc(142)] SuspendThread: Acesso negado. (0x5)
[0508/151102.329:ERROR:process_reader_win.cc(142)] SuspendThread: Acesso negado. (0x5)
[0508/151102.330:ERROR:process_reader_win.cc(142)] SuspendThread: Acesso negado. (0x5)
[0508/151102.331:ERROR:process_reader_win.cc(142)] SuspendThread: Acesso negado. (0x5)
[0508/151102.336:ERROR:process_reader_win.cc(142)] SuspendThread: Acesso negado. (0x5)
[0508/151102.337:ERROR:process_reader_win.cc(142)] SuspendThread: Acesso negado. (0x5)
[0508/151102.337:ERROR:process_reader_win.cc(142)] SuspendThread: Acesso negado. (0x5)
[0508/151102.339:ERROR:process_reader_win.cc(142)] SuspendThread: Acesso negado. (0x5)
[0508/151102.340:ERROR:process_reader_win.cc(142)] SuspendThread: Acesso negado. (0x5)
[0508/151102.340:ERROR:process_reader_win.cc(142)] SuspendThread: Acesso negado. (0x5)
[0508/151102.341:ERROR:process_reader_win.cc(142)] SuspendThread: Acesso negado. (0x5)
[0508/151102.342:ERROR:process_reader_win.cc(142)] SuspendThread: Acesso negado. (0x5)
[0508/151102.343:ERROR:process_reader_win.cc(142)] SuspendThread: Acesso negado. (0x5)
[0508/151102.347:ERROR:process_reader_win.cc(142)] SuspendThread: Acesso negado. (0x5)
[0508/151102.347:ERROR:process_reader_win.cc(142)] SuspendThread: Acesso negado. (0x5)
[0508/151102.347:ERROR:process_reader_win.cc(142)] SuspendThread: Acesso negado. (0x5)
[0508/151102.347:ERROR:process_reader_win.cc(142)] SuspendThread: Acesso negado. (0x5)
[0508/151102.347:ERROR:process_reader_win.cc(142)] SuspendThread: Acesso negado. (0x5)
[0508/151102.347:ERROR:process_reader_win.cc(142)] SuspendThread: Acesso negado. (0x5)
[0508/151102.347:ERROR:process_reader_win.cc(142)] SuspendThread: Acesso negado. (0x5)
[0508/151102.347:ERROR:process_reader_win.cc(142)] SuspendThread: Acesso negado. (0x5)
[0508/151102.348:ERROR:process_reader_win.cc(142)] SuspendThread: Acesso negado. (0x5)
[0508/151102.371:ERROR:process_reader_win.cc(142)] SuspendThread: Acesso negado. (0x5)
[0508/151102.394:ERROR:process_reader_win.cc(142)] SuspendThread: Acesso negado. (0x5)
[0508/151102.395:ERROR:process_reader_win.cc(114)] NtOpenThread: {Acesso Negado} Um processo solicitou acesso a um objeto, mas o direito de acesso não lhe foi concedido.  (0xc0000022)
[0508/151102.409:ERROR:exception_snapshot_win.cc(87)] thread ID 10576 not found in process
[0508/151102.409:WARNING:crash_report_exception_handler.cc(60)] ProcessSnapshotWin::Initialize failed
[0508/151651.470:ERROR:process_reader_win.cc(142)] SuspendThread: Acesso negado. (0x5)
[0508/151651.474:ERROR:process_reader_win.cc(142)] SuspendThread: Acesso negado. (0x5)
[0508/151651.475:ERROR:process_reader_win.cc(142)] SuspendThread: Acesso negado. (0x5)
[0508/151651.475:ERROR:process_reader_win.cc(142)] SuspendThread: Acesso negado. (0x5)
[0508/151651.475:ERROR:process_reader_win.cc(142)] SuspendThread: Acesso negado. (0x5)
[0508/151651.475:ERROR:process_reader_win.cc(142)] SuspendThread: Acesso negado. (0x5)
[0508/151651.475:ERROR:process_reader_win.cc(142)] SuspendThread: Acesso negado. (0x5)
[0508/151651.475:ERROR:process_reader_win.cc(142)] SuspendThread: Acesso negado. (0x5)
[0508/151651.475:ERROR:process_reader_win.cc(142)] SuspendThread: Acesso negado. (0x5)
[0508/151651.475:ERROR:process_reader_win.cc(142)] SuspendThread: Acesso negado. (0x5)
[0508/151651.475:ERROR:process_reader_win.cc(142)] SuspendThread: Acesso negado. (0x5)
[0508/151651.475:ERROR:process_reader_win.cc(142)] SuspendThread: Acesso negado. (0x5)
[0508/151651.476:ERROR:process_reader_win.cc(142)] SuspendThread: Acesso negado. (0x5)
[0508/151651.476:ERROR:process_reader_win.cc(142)] SuspendThread: Acesso negado. (0x5)
[0508/151651.476:ERROR:process_reader_win.cc(142)] SuspendThread: Acesso negado. (0x5)
[0508/151651.476:ERROR:process_reader_win.cc(142)] SuspendThread: Acesso negado. (0x5)
[0508/151651.476:ERROR:process_reader_win.cc(142)] SuspendThread: Acesso negado. (0x5)
[0508/151651.476:ERROR:process_reader_win.cc(142)] SuspendThread: Acesso negado. (0x5)
[0508/151651.476:ERROR:process_reader_win.cc(142)] SuspendThread: Acesso negado. (0x5)
[0508/151651.476:ERROR:process_reader_win.cc(142)] SuspendThread: Acesso negado. (0x5)
[0508/151651.476:ERROR:process_reader_win.cc(142)] SuspendThread: Acesso negado. (0x5)
[0508/151651.476:ERROR:process_reader_win.cc(142)] SuspendThread: Acesso negado. (0x5)
[0508/151651.477:ERROR:process_reader_win.cc(142)] SuspendThread: Acesso negado. (0x5)
[0508/151651.477:ERROR:process_reader_win.cc(142)] SuspendThread: Acesso negado. (0x5)
[0508/151651.477:ERROR:process_reader_win.cc(142)] SuspendThread: Acesso negado. (0x5)
[0508/151651.477:ERROR:process_reader_win.cc(142)] SuspendThread: Acesso negado. (0x5)
[0508/151651.477:ERROR:process_reader_win.cc(142)] SuspendThread: Acesso negado. (0x5)
[0508/151651.477:ERROR:process_reader_win.cc(142)] SuspendThread: Acesso negado. (0x5)
[0508/151651.479:ERROR:process_reader_win.cc(142)] SuspendThread: Acesso negado. (0x5)
[0508/151651.481:ERROR:process_reader_win.cc(142)] SuspendThread: Acesso negado. (0x5)
[0508/151651.483:ERROR:process_reader_win.cc(142)] SuspendThread: Acesso negado. (0x5)
[0508/151651.483:ERROR:process_reader_win.cc(114)] NtOpenThread: {Acesso Negado} Um processo solicitou acesso a um objeto, mas o direito de acesso não lhe foi concedido.  (0xc0000022)
[0508/151651.485:ERROR:exception_snapshot_win.cc(87)] thread ID 8068 not found in process
[0508/151651.485:WARNING:crash_report_exception_handler.cc(60)] ProcessSnapshotWin::Initialize failed
[0508/151809.810:ERROR:process_reader_win.cc(114)] NtOpenThread: {Acesso Negado} Um processo solicitou acesso a um objeto, mas o direito de acesso não lhe foi concedido.  (0xc0000022)
[0508/151809.813:ERROR:exception_snapshot_win.cc(87)] thread ID 5248 not found in process
[0508/151809.813:WARNING:crash_report_exception_handler.cc(60)] ProcessSnapshotWin::Initialize failed
[0508/152348.035:ERROR:process_reader_win.cc(142)] SuspendThread: Acesso negado. (0x5)
[0508/152348.039:ERROR:process_reader_win.cc(142)] SuspendThread: Acesso negado. (0x5)
[0508/152348.039:ERROR:process_reader_win.cc(142)] SuspendThread: Acesso negado. (0x5)
[0508/152348.039:ERROR:process_reader_win.cc(142)] SuspendThread: Acesso negado. (0x5)
[0508/152348.039:ERROR:process_reader_win.cc(142)] SuspendThread: Acesso negado. (0x5)
[0508/152348.040:ERROR:process_reader_win.cc(142)] SuspendThread: Acesso negado. (0x5)
[0508/152348.040:ERROR:process_reader_win.cc(142)] SuspendThread: Acesso negado. (0x5)
[0508/152348.040:ERROR:process_reader_win.cc(142)] SuspendThread: Acesso negado. (0x5)
[0508/152348.040:ERROR:process_reader_win.cc(142)] SuspendThread: Acesso negado. (0x5)
[0508/152348.040:ERROR:process_reader_win.cc(142)] SuspendThread: Acesso negado. (0x5)
[0508/152348.040:ERROR:process_reader_win.cc(142)] SuspendThread: Acesso negado. (0x5)
[0508/152348.040:ERROR:process_reader_win.cc(142)] SuspendThread: Acesso negado. (0x5)
[0508/152348.040:ERROR:process_reader_win.cc(114)] NtOpenThread: {Acesso Negado} Um processo solicitou acesso a um objeto, mas o direito de acesso não lhe foi concedido.  (0xc0000022)
[0508/152348.041:ERROR:exception_snapshot_win.cc(87)] thread ID 8668 not found in process
[0508/152348.041:WARNING:crash_report_exception_handler.cc(60)] ProcessSnapshotWin::Initialize failed
